<?xml version="1.0" encoding="UTF-8"?>
<testng-results skipped="0" failed="0" ignored="0" total="1" passed="1">
  <reporter-output>
  </reporter-output>
  <suite name="Command line suite" duration-ms="14720" started-at="2021-08-07T13:28:40 IST" finished-at="2021-08-07T13:28:55 IST">
    <groups>
    </groups>
    <test name="Command line test" duration-ms="14720" started-at="2021-08-07T13:28:40 IST" finished-at="2021-08-07T13:28:55 IST">
      <class name="InterviewA.FirstTest">
        <test-method status="PASS" signature="TestFlipkart()[pri:0, instance:InterviewA.FirstTest@4566e5bd]" name="TestFlipkart" duration-ms="14649" started-at="2021-08-07T13:28:40 IST" finished-at="2021-08-07T13:28:55 IST">
          <reporter-output>
          </reporter-output>
        </test-method> <!-- TestFlipkart -->
      </class> <!-- InterviewA.FirstTest -->
    </test> <!-- Command line test -->
  </suite> <!-- Command line suite -->
</testng-results>
