<?xml version="1.0" encoding="UTF-8"?>
<testsuite xmlns:xsi="http://www.w3.org/2001/XMLSchema-instance" xsi:noNamespaceSchemaLocation="https://maven.apache.org/surefire/maven-surefire-plugin/xsd/surefire-test-report-3.0.xsd" version="3.0" name="TestSuite" time="11.438" tests="1" errors="0" skipped="0" failures="0">
  <properties>
[...]
</properties>
  <testcase name="TestFlipkart" classname="InterviewA.FirstTest" time="11.114">
    <system-out><![CDATA[24
24
 **PRODUCTName**: SAMSUNG Galaxy S21 Ultra (Phantom Silver, 256 GB) **PRODUCTPrice**: ₹1,05,999 **PRODUCTLink**: https://www.flipkart.com/samsung-galaxy-s21-ultra-phantom-silver-256-gb/p/itm33747d3aa16d9?pid=MOBFZ3TMAHBPXYNZ&lid=LSTMOBFZ3TMAHBPXYNZS9EVOI&marketplace=FLIPKART&q=Samsung+Galaxy+S10&store=tyy%2F4io&srno=s_1_1&otracker=search&fm=SEARCH&iid=5188cdfa-3eaf-4847-a9b4-5b2a14a3e7c8.MOBFZ3TMAHBPXYNZ.SEARCH&ppt=browse&ppn=browse&ssid=qtcnrrudxc0000001628767203514&qH=8e78838d0b7698a3
 **PRODUCTName**: SAMSUNG Galaxy S10 (Prism White, 512 GB) **PRODUCTPrice**: ₹92,000 **PRODUCTLink**: https://www.flipkart.com/samsung-galaxy-s10-prism-white-512-gb/p/itmfdyp6ydvhczvg?pid=MOBFDNHARGTYX5YG&lid=LSTMOBFDNHARGTYX5YGZPHCFJ&marketplace=FLIPKART&q=Samsung+Galaxy+S10&store=tyy%2F4io&srno=s_1_2&otracker=search&fm=SEARCH&iid=5188cdfa-3eaf-4847-a9b4-5b2a14a3e7c8.MOBFDNHARGTYX5YG.SEARCH&ppt=browse&ppn=browse&ssid=qtcnrrudxc0000001628767203514&qH=8e78838d0b7698a3
 **PRODUCTName**: SAMSUNG Galaxy S21 (Phantom Gray, 256 GB) **PRODUCTPrice**: ₹73,999 **PRODUCTLink**: https://www.flipkart.com/samsung-galaxy-s21-phantom-gray-256-gb/p/itmf3625b922e325?pid=MOBFZ3TMDZJZQANF&lid=LSTMOBFZ3TMDZJZQANFWIHALL&marketplace=FLIPKART&q=Samsung+Galaxy+S10&store=tyy%2F4io&srno=s_1_3&otracker=search&fm=SEARCH&iid=5188cdfa-3eaf-4847-a9b4-5b2a14a3e7c8.MOBFZ3TMDZJZQANF.SEARCH&ppt=browse&ppn=browse&ssid=qtcnrrudxc0000001628767203514&qH=8e78838d0b7698a3
 **PRODUCTName**: SAMSUNG Galaxy S20 Ultra (Cosmic Gray, 128 GB) **PRODUCTPrice**: ₹69,499 **PRODUCTLink**: https://www.flipkart.com/samsung-galaxy-s20-ultra-cosmic-gray-128-gb/p/itma25b4687846b4?pid=MOBFZXZ22CWZ2JZB&lid=LSTMOBFZXZ22CWZ2JZBAEGCGN&marketplace=FLIPKART&q=Samsung+Galaxy+S10&store=tyy%2F4io&srno=s_1_4&otracker=search&fm=SEARCH&iid=5188cdfa-3eaf-4847-a9b4-5b2a14a3e7c8.MOBFZXZ22CWZ2JZB.SEARCH&ppt=browse&ppn=browse&ssid=qtcnrrudxc0000001628767203514&qH=8e78838d0b7698a3
 **PRODUCTName**: SAMSUNG Galaxy S20+ (Cosmic Gray, 128 GB) **PRODUCTPrice**: ₹54,999 **PRODUCTLink**: https://www.flipkart.com/samsung-galaxy-s20-cosmic-gray-128-gb/p/itm7087be7ae167c?pid=MOBFZXZ25TPA68VH&lid=LSTMOBFZXZ25TPA68VHU5XEKN&marketplace=FLIPKART&q=Samsung+Galaxy+S10&store=tyy%2F4io&srno=s_1_5&otracker=search&fm=SEARCH&iid=5188cdfa-3eaf-4847-a9b4-5b2a14a3e7c8.MOBFZXZ25TPA68VH.SEARCH&ppt=browse&ppn=browse&ssid=qtcnrrudxc0000001628767203514&qH=8e78838d0b7698a3
 **PRODUCTName**: SAMSUNG Galaxy S10 Lite (Prism Black, 512 GB) **PRODUCTPrice**: ₹49,999 **PRODUCTLink**: https://www.flipkart.com/samsung-galaxy-s10-lite-prism-black-512-gb/p/itm17d286bbca7ba?pid=MOBFPDVHFE8VVD9R&lid=LSTMOBFPDVHFE8VVD9RHSOJBE&marketplace=FLIPKART&q=Samsung+Galaxy+S10&store=tyy%2F4io&srno=s_1_6&otracker=search&fm=SEARCH&iid=5188cdfa-3eaf-4847-a9b4-5b2a14a3e7c8.MOBFPDVHFE8VVD9R.SEARCH&ppt=browse&ppn=browse&ssid=qtcnrrudxc0000001628767203514&qH=8e78838d0b7698a3
 **PRODUCTName**: SAMSUNG Galaxy S10 Lite (Prism White, 512 GB) **PRODUCTPrice**: ₹49,999 **PRODUCTLink**: https://www.flipkart.com/samsung-galaxy-s10-lite-prism-white-512-gb/p/itm13f6d0d4e0b60?pid=MOBFPDVHRHKHDNZE&lid=LSTMOBFPDVHRHKHDNZE077I9E&marketplace=FLIPKART&q=Samsung+Galaxy+S10&store=tyy%2F4io&srno=s_1_7&otracker=search&fm=SEARCH&iid=5188cdfa-3eaf-4847-a9b4-5b2a14a3e7c8.MOBFPDVHRHKHDNZE.SEARCH&ppt=browse&ppn=browse&ssid=qtcnrrudxc0000001628767203514&qH=8e78838d0b7698a3
 **PRODUCTName**: SAMSUNG Galaxy S20 FE (Cloud Mint, 128 GB) **PRODUCTPrice**: ₹39,909 **PRODUCTLink**: https://www.flipkart.com/samsung-galaxy-s20-fe-cloud-mint-128-gb/p/itm7fa1752323997?pid=MOBFWAVTKRH6GFQG&lid=LSTMOBFWAVTKRH6GFQGIUE63Y&marketplace=FLIPKART&q=Samsung+Galaxy+S10&store=tyy%2F4io&srno=s_1_8&otracker=search&fm=SEARCH&iid=5188cdfa-3eaf-4847-a9b4-5b2a14a3e7c8.MOBFWAVTKRH6GFQG.SEARCH&ppt=browse&ppn=browse&ssid=qtcnrrudxc0000001628767203514&qH=8e78838d0b7698a3
 **PRODUCTName**: SAMSUNG Galaxy S20 FE (Cloud Lavender, 128 GB) **PRODUCTPrice**: ₹37,999 **PRODUCTLink**: https://www.flipkart.com/samsung-galaxy-s20-fe-cloud-lavender-128-gb/p/itm963c7deda5fe1?pid=MOBFWAVTM5YD3JNE&lid=LSTMOBFWAVTM5YD3JNERH5YQZ&marketplace=FLIPKART&q=Samsung+Galaxy+S10&store=tyy%2F4io&srno=s_1_9&otracker=search&fm=SEARCH&iid=5188cdfa-3eaf-4847-a9b4-5b2a14a3e7c8.MOBFWAVTM5YD3JNE.SEARCH&ppt=browse&ppn=browse&ssid=qtcnrrudxc0000001628767203514&qH=8e78838d0b7698a3
 **PRODUCTName**: SAMSUNG Galaxy S20 FE (Cloud White, 128 GB) **PRODUCTPrice**: ₹37,999 **PRODUCTLink**: https://www.flipkart.com/samsung-galaxy-s20-fe-cloud-white-128-gb/p/itm43c3c96db2180?pid=MOBFWAVTMGYNUDHW&lid=LSTMOBFWAVTMGYNUDHW6E1W6T&marketplace=FLIPKART&q=Samsung+Galaxy+S10&store=tyy%2F4io&srno=s_1_10&otracker=search&fm=SEARCH&iid=5188cdfa-3eaf-4847-a9b4-5b2a14a3e7c8.MOBFWAVTMGYNUDHW.SEARCH&ppt=browse&ppn=browse&ssid=qtcnrrudxc0000001628767203514&qH=8e78838d0b7698a3
 **PRODUCTName**: SAMSUNG Galaxy S20 FE (Cloud Navy, 128 GB) **PRODUCTPrice**: ₹37,999 **PRODUCTLink**: https://www.flipkart.com/samsung-galaxy-s20-fe-cloud-navy-128-gb/p/itm90f8fb032ae3c?pid=MOBFWAVTQNMETGGG&lid=LSTMOBFWAVTQNMETGGGIJYV5O&marketplace=FLIPKART&q=Samsung+Galaxy+S10&store=tyy%2F4io&srno=s_1_11&otracker=search&fm=SEARCH&iid=5188cdfa-3eaf-4847-a9b4-5b2a14a3e7c8.MOBFWAVTQNMETGGG.SEARCH&ppt=browse&ppn=browse&ssid=qtcnrrudxc0000001628767203514&qH=8e78838d0b7698a3
 **PRODUCTName**: SAMSUNG Galaxy A70s (Prism Crush White, 128 GB) **PRODUCTPrice**: ₹33,100 **PRODUCTLink**: https://www.flipkart.com/samsung-galaxy-a70s-prism-crush-white-128-gb/p/itm57a85273f03b6?pid=MOBFKKGRJCHHRJS5&lid=LSTMOBFKKGRJCHHRJS5Z6YUTR&marketplace=FLIPKART&q=Samsung+Galaxy+S10&store=tyy%2F4io&srno=s_1_12&otracker=search&fm=SEARCH&iid=5188cdfa-3eaf-4847-a9b4-5b2a14a3e7c8.MOBFKKGRJCHHRJS5.SEARCH&ppt=browse&ppn=browse&ssid=qtcnrrudxc0000001628767203514&qH=8e78838d0b7698a3
 **PRODUCTName**: SAMSUNG Galaxy A70s (Prism Crush Red, 128 GB) **PRODUCTPrice**: ₹33,100 **PRODUCTLink**: https://www.flipkart.com/samsung-galaxy-a70s-prism-crush-red-128-gb/p/itmff05153bfcfa0?pid=MOBFKKGRHVDRVUY6&lid=LSTMOBFKKGRHVDRVUY6RCARTS&marketplace=FLIPKART&q=Samsung+Galaxy+S10&store=tyy%2F4io&srno=s_1_13&otracker=search&fm=SEARCH&iid=5188cdfa-3eaf-4847-a9b4-5b2a14a3e7c8.MOBFKKGRHVDRVUY6.SEARCH&ppt=browse&ppn=browse&ssid=qtcnrrudxc0000001628767203514&qH=8e78838d0b7698a3
 **PRODUCTName**: SAMSUNG M31s (Mirage Blue, 128 GB) **PRODUCTPrice**: ₹20,370 **PRODUCTLink**: https://www.flipkart.com/samsung-m31s-mirage-blue-128-gb/p/itm3c444f9c5c566?pid=MOBFUZYBUZWNKB6G&lid=LSTMOBFUZYBUZWNKB6GRCEO18&marketplace=FLIPKART&q=Samsung+Galaxy+S10&store=tyy%2F4io&srno=s_1_14&otracker=search&fm=SEARCH&iid=5188cdfa-3eaf-4847-a9b4-5b2a14a3e7c8.MOBFUZYBUZWNKB6G.SEARCH&ppt=browse&ppn=browse&ssid=qtcnrrudxc0000001628767203514&qH=8e78838d0b7698a3
 **PRODUCTName**: SAMSUNG GALAXY M31S (Mirage Black, 128 GB) **PRODUCTPrice**: ₹19,490 **PRODUCTLink**: https://www.flipkart.com/samsung-galaxy-m31s-mirage-black-128-gb/p/itm34ee37ee1d8a0?pid=MOBFVWCTZYMFQH3J&lid=LSTMOBFVWCTZYMFQH3JA5MJOX&marketplace=FLIPKART&q=Samsung+Galaxy+S10&store=tyy%2F4io&srno=s_1_15&otracker=search&fm=SEARCH&iid=5188cdfa-3eaf-4847-a9b4-5b2a14a3e7c8.MOBFVWCTZYMFQH3J.SEARCH&ppt=browse&ppn=browse&ssid=qtcnrrudxc0000001628767203514&qH=8e78838d0b7698a3
 **PRODUCTName**: SAMSUNG Galaxy M31s (Mirage Blue, 128 GB) **PRODUCTPrice**: ₹18,290 **PRODUCTLink**: https://www.flipkart.com/samsung-galaxy-m31s-mirage-blue-128-gb/p/itmad022b9abd4b6?pid=MOBFUYMQUW5EKE7R&lid=LSTMOBFUYMQUW5EKE7RVPGGSK&marketplace=FLIPKART&q=Samsung+Galaxy+S10&store=tyy%2F4io&srno=s_1_16&otracker=search&fm=SEARCH&iid=5188cdfa-3eaf-4847-a9b4-5b2a14a3e7c8.MOBFUYMQUW5EKE7R.SEARCH&ppt=browse&ppn=browse&ssid=qtcnrrudxc0000001628767203514&qH=8e78838d0b7698a3
 **PRODUCTName**: SAMSUNG Galaxy M31s (Mirage Black, 128 GB) **PRODUCTPrice**: ₹18,216 **PRODUCTLink**: https://www.flipkart.com/samsung-galaxy-m31s-mirage-black-128-gb/p/itmb9b4be5c16ee2?pid=MOBFV25HNQP3VNGP&lid=LSTMOBFV25HNQP3VNGPV6GR9Y&marketplace=FLIPKART&q=Samsung+Galaxy+S10&store=tyy%2F4io&srno=s_1_17&otracker=search&fm=SEARCH&iid=5188cdfa-3eaf-4847-a9b4-5b2a14a3e7c8.MOBFV25HNQP3VNGP.SEARCH&ppt=browse&ppn=browse&ssid=qtcnrrudxc0000001628767203514&qH=8e78838d0b7698a3
 **PRODUCTName**: SAMSUNG Galaxy A21s (Black, 128 GB) **PRODUCTPrice**: ₹17,499 **PRODUCTLink**: https://www.flipkart.com/samsung-galaxy-a21s-black-128-gb/p/itmcb23937a962e3?pid=MOBFWCFDEHTZVQMZ&lid=LSTMOBFWCFDEHTZVQMZ6HMJCL&marketplace=FLIPKART&q=Samsung+Galaxy+S10&store=tyy%2F4io&srno=s_1_18&otracker=search&fm=SEARCH&iid=5188cdfa-3eaf-4847-a9b4-5b2a14a3e7c8.MOBFWCFDEHTZVQMZ.SEARCH&ppt=browse&ppn=browse&ssid=qtcnrrudxc0000001628767203514&qH=8e78838d0b7698a3
 **PRODUCTName**: SAMSUNG Galaxy A21s (Blue, 128 GB) **PRODUCTPrice**: ₹17,499 **PRODUCTLink**: https://www.flipkart.com/samsung-galaxy-a21s-blue-128-gb/p/itm9b1380dccb8dc?pid=MOBFWCFDZWGKHXNG&lid=LSTMOBFWCFDZWGKHXNGRN8EX0&marketplace=FLIPKART&q=Samsung+Galaxy+S10&store=tyy%2F4io&srno=s_1_19&otracker=search&fm=SEARCH&iid=5188cdfa-3eaf-4847-a9b4-5b2a14a3e7c8.MOBFWCFDZWGKHXNG.SEARCH&ppt=browse&ppn=browse&ssid=qtcnrrudxc0000001628767203514&qH=8e78838d0b7698a3
 **PRODUCTName**: SAMSUNG Galaxy A21s (Silver, 128 GB) **PRODUCTPrice**: ₹17,499 **PRODUCTLink**: https://www.flipkart.com/samsung-galaxy-a21s-silver-128-gb/p/itm50164b698e22c?pid=MOBFWCFDGDW84W6G&lid=LSTMOBFWCFDGDW84W6GC3VIAZ&marketplace=FLIPKART&q=Samsung+Galaxy+S10&store=tyy%2F4io&srno=s_1_20&otracker=search&fm=SEARCH&iid=5188cdfa-3eaf-4847-a9b4-5b2a14a3e7c8.MOBFWCFDGDW84W6G.SEARCH&ppt=browse&ppn=browse&ssid=qtcnrrudxc0000001628767203514&qH=8e78838d0b7698a3
 **PRODUCTName**: SAMSUNG Galaxy M30S (Quartz Green, 128 GB) **PRODUCTPrice**: ₹16,498 **PRODUCTLink**: https://www.flipkart.com/samsung-galaxy-m30s-quartz-green-128-gb/p/itm6ba047b92df51?pid=MOBFYZAHMWSYDE9H&lid=LSTMOBFYZAHMWSYDE9HRGBLQH&marketplace=FLIPKART&q=Samsung+Galaxy+S10&store=tyy%2F4io&srno=s_1_21&otracker=search&fm=SEARCH&iid=5188cdfa-3eaf-4847-a9b4-5b2a14a3e7c8.MOBFYZAHMWSYDE9H.SEARCH&ppt=browse&ppn=browse&ssid=qtcnrrudxc0000001628767203514&qH=8e78838d0b7698a3
 **PRODUCTName**: SAMSUNG Galaxy A21s (White, 64 GB) **PRODUCTPrice**: ₹15,967 **PRODUCTLink**: https://www.flipkart.com/samsung-galaxy-a21s-white-64-gb/p/itmcdf5214511a42?pid=MOBFSFMJFZDCCQZT&lid=LSTMOBFSFMJFZDCCQZTKSGOYA&marketplace=FLIPKART&q=Samsung+Galaxy+S10&store=tyy%2F4io&srno=s_1_22&otracker=search&fm=SEARCH&iid=5188cdfa-3eaf-4847-a9b4-5b2a14a3e7c8.MOBFSFMJFZDCCQZT.SEARCH&ppt=browse&ppn=browse&ssid=qtcnrrudxc0000001628767203514&qH=8e78838d0b7698a3
 **PRODUCTName**: SAMSUNG Galaxy M30S (Black, 128 GB) **PRODUCTPrice**: ₹15,499 **PRODUCTLink**: https://www.flipkart.com/samsung-galaxy-m30s-black-128-gb/p/itm91339c429de64?pid=MOBFSHFB6MXGJNH6&lid=LSTMOBFSHFB6MXGJNH6HIRTHU&marketplace=FLIPKART&q=Samsung+Galaxy+S10&store=tyy%2F4io&srno=s_1_23&otracker=search&fm=SEARCH&iid=5188cdfa-3eaf-4847-a9b4-5b2a14a3e7c8.MOBFSHFB6MXGJNH6.SEARCH&ppt=browse&ppn=browse&ssid=qtcnrrudxc0000001628767203514&qH=8e78838d0b7698a3
 **PRODUCTName**: SAMSUNG Galaxy A50s (Prism Crush Black, 128 GB) **PRODUCTPrice**: ₹14,999 **PRODUCTLink**: https://www.flipkart.com/samsung-galaxy-a50s-prism-crush-black-128-gb/p/itm31b19a153195b?pid=MOBFK4REY2CUGAG7&lid=LSTMOBFK4REY2CUGAG76S22LA&marketplace=FLIPKART&q=Samsung+Galaxy+S10&store=tyy%2F4io&srno=s_1_24&otracker=search&fm=SEARCH&iid=5188cdfa-3eaf-4847-a9b4-5b2a14a3e7c8.MOBFK4REY2CUGAG7.SEARCH&ppt=browse&ppn=browse&ssid=qtcnrrudxc0000001628767203514&qH=8e78838d0b7698a3
]]></system-out>
    <system-err><![CDATA[SLF4J: Failed to load class "org.slf4j.impl.StaticLoggerBinder".
SLF4J: Defaulting to no-operation (NOP) logger implementation
SLF4J: See http://www.slf4j.org/codes.html#StaticLoggerBinder for further details.
Starting ChromeDriver 92.0.4515.107 (87a818b10553a07434ea9e2b6dccf3cbe7895134-refs/branch-heads/4515@{#1634}) on port 23687
Only local connections are allowed.
Please see https://chromedriver.chromium.org/security-considerations for suggestions on keeping ChromeDriver safe.
ChromeDriver was started successfully.
Aug 12, 2021 4:49:59 PM org.openqa.selenium.remote.ProtocolHandshake createSession
INFO: Detected dialect: W3C
]]></system-err>
  </testcase>
</testsuite>