<?xml version="1.0" encoding="UTF-8"?>
<testng-results skipped="0" failed="0" ignored="0" total="1" passed="1">
  <reporter-output>
  </reporter-output>
  <suite name="Suite" duration-ms="10785" started-at="2021-08-12T16:49:57 IST" finished-at="2021-08-12T16:50:08 IST">
    <groups>
    </groups>
    <test name="Test" duration-ms="10785" started-at="2021-08-12T16:49:57 IST" finished-at="2021-08-12T16:50:08 IST">
      <class name="InterviewA.FirstTest">
        <test-method status="PASS" signature="TestFlipkart()[pri:0, instance:InterviewA.FirstTest@2d6eabae]" name="TestFlipkart" duration-ms="10732" started-at="2021-08-12T16:49:57 IST" finished-at="2021-08-12T16:50:08 IST">
          <reporter-output>
          </reporter-output>
        </test-method> <!-- TestFlipkart -->
      </class> <!-- InterviewA.FirstTest -->
    </test> <!-- Test -->
  </suite> <!-- Suite -->
</testng-results>
